<?xml version="1.0" encoding="UTF-8"?>
<testsuite xmlns:xsi="http://www.w3.org/2001/XMLSchema-instance" xsi:noNamespaceSchemaLocation="https://maven.apache.org/surefire/maven-surefire-plugin/xsd/surefire-test-report.xsd" name="ru.netology.RadioTest" time="0.09" tests="27" errors="0" skipped="0" failures="0">
  <properties>
[...]
</properties>
  <testcase name="shouldSetCurrentChanelUnderMinChanel" classname="ru.netology.RadioTest" time="0.041"/>
  <testcase name="shouldUseRadio2" classname="ru.netology.RadioTest" time="0"/>
  <testcase name="lowerVolume2" classname="ru.netology.RadioTest" time="0.001"/>
  <testcase name="shouldUseRadio" classname="ru.netology.RadioTest" time="0.001"/>
  <testcase name="lowerVolume" classname="ru.netology.RadioTest" time="0.002"/>
  <testcase name="increaseVolume2" classname="ru.netology.RadioTest" time="0"/>
  <testcase name="testVolume2" classname="ru.netology.RadioTest" time="0"/>
  <testcase name="testVolume3" classname="ru.netology.RadioTest" time="0.001"/>
  <testcase name="testVolume4" classname="ru.netology.RadioTest" time="0.001"/>
  <testcase name="testChanel2" classname="ru.netology.RadioTest" time="0.001"/>
  <testcase name="testChanel3" classname="ru.netology.RadioTest" time="0.001"/>
  <testcase name="testChanel4" classname="ru.netology.RadioTest" time="0"/>
  <testcase name="increaseVolume" classname="ru.netology.RadioTest" time="0.001"/>
  <testcase name="setMaxVolume" classname="ru.netology.RadioTest" time="0"/>
  <testcase name="shouldNextChanel" classname="ru.netology.RadioTest" time="0"/>
  <testcase name="testChanel" classname="ru.netology.RadioTest" time="0.001"/>
  <testcase name="shouldBelowMinStation1" classname="ru.netology.RadioTest" time="0.001"/>
  <testcase name="shouldBelowMinStation2" classname="ru.netology.RadioTest" time="0.001"/>
  <testcase name="setCurrentMaxChanel" classname="ru.netology.RadioTest" time="0.001"/>
  <testcase name="shouldPrevStation" classname="ru.netology.RadioTest" time="0"/>
  <testcase name="shouldSetChanelOverMaxChanel" classname="ru.netology.RadioTest" time="0"/>
  <testcase name="shouldPrevChanel" classname="ru.netology.RadioTest" time="0.001"/>
  <testcase name="testVolume" classname="ru.netology.RadioTest" time="0"/>
  <testcase name="setMinVolume" classname="ru.netology.RadioTest" time="0"/>
  <testcase name="shouldOverMaxStation1" classname="ru.netology.RadioTest" time="0.001"/>
  <testcase name="shouldOverMaxStation2" classname="ru.netology.RadioTest" time="0"/>
  <testcase name="setCurrentMinChanel" classname="ru.netology.RadioTest" time="0"/>
</testsuite>